gfx/bombapatch/ball.png
gfx/bombapatch/bar.bmp
gfx/bombapatch/block.bmp
gfx/bombapatch/corinthians.bmp
gfx/bombapatch/flamengo.bmp
gfx/bombapatch/numeros.bmp
gfx/bombapatch/placar.bmp
gfx/bombapatch/replay.png
sfx/bombapatch/apito.ogg
sfx/bombapatch/ball-kick-1.ogg
sfx/bombapatch/ball-kick-2.ogg
sfx/bombapatch/batida.ogg
sfx/bombapatch/bem-vindo.ogg
sfx/bombapatch/bg-2.ogg
sfx/bombapatch/bg-3.ogg
sfx/bombapatch/bg.ogg
sfx/bombapatch/boom.ogg
sfx/bombapatch/corinthians-eco.ogg
sfx/bombapatch/crowd.ogg
sfx/bombapatch/flamengo-eco.ogg
sfx/bombapatch/gol-1.ogg
sfx/bombapatch/gol-torcida.ogg
sfx/bombapatch/kick-1.ogg
sfx/bombapatch/kick-2.ogg
sfx/bombapatch/resetado.ogg
sfx/bombapatch/rs.ogg

